<?xml version="1.0" encoding="UTF-8"?>
<!-- Generated by org.testng.reporters.JUnitReportReporter -->
<testsuite hostname="chethan" failures="0" tests="1" name="com.crm.createContacts.CreateContactNameImageAndVerifyTest" time="37.520" errors="0" timestamp="17 Jun 2022 11:55:46 GMT" skipped="0">
  <testcase classname="com.crm.createContacts.CreateContactNameImageAndVerifyTest" name="CreateContactNameImageAndVerify" time="37.520"/>
</testsuite> <!-- com.crm.createContacts.CreateContactNameImageAndVerifyTest -->
