<?xml version="1.0" encoding="UTF-8"?>
<!-- Generated by org.testng.reporters.JUnitReportReporter -->
<testsuite hostname="chethan" failures="0" tests="3" name="com.crm.Testng.AnimalsTest" time="0.050" errors="0" timestamp="13 Jun 2022 11:30:18 GMT" skipped="0">
  <testcase classname="com.crm.Testng.AnimalsTest" name="elephantTest" time="0.011"/>
  <testcase classname="com.crm.Testng.AnimalsTest" name="dogTest" time="0.029"/>
  <testcase classname="com.crm.Testng.AnimalsTest" name="ratTest" time="0.010"/>
</testsuite> <!-- com.crm.Testng.AnimalsTest -->
