<?xml version="1.0" encoding="UTF-8"?>
<!-- Generated by org.testng.reporters.JUnitReportReporter -->
<testsuite hostname="chethan" failures="0" tests="1" name="Assignments.CreateOrganizationsVerifyTest" time="38.811" errors="0" timestamp="21 Jun 2022 06:24:12 GMT" skipped="0">
  <testcase classname="Assignments.CreateOrganizationsVerifyTest" name="CreateOrganizationsVerify" time="38.811"/>
</testsuite> <!-- Assignments.CreateOrganizationsVerifyTest -->
