<?xml version="1.0" encoding="UTF-8"?>
<!-- Generated by org.testng.reporters.JUnitReportReporter -->
<testsuite hostname="chethan" failures="0" tests="1" name="Assignments.CreateContactVerifyTest" time="41.424" errors="0" timestamp="21 Jun 2022 06:21:41 GMT" skipped="0">
  <testcase classname="Assignments.CreateContactVerifyTest" name="createContactVerify" time="41.424"/>
</testsuite> <!-- Assignments.CreateContactVerifyTest -->
