<?xml version="1.0" encoding="UTF-8"?>
<!-- Generated by org.testng.reporters.JUnitReportReporter -->
<testsuite hostname="chethan" failures="0" tests="3" name="Practice.TicketBookingUsingDataProvider" time="0.062" errors="0" timestamp="14 Jun 2022 07:50:49 GMT" skipped="0">
  <testcase classname="Practice.TicketBookingUsingDataProvider" name="bookTicket" time="0.023"/>
  <testcase classname="Practice.TicketBookingUsingDataProvider" name="bookTicket" time="0.031"/>
  <testcase classname="Practice.TicketBookingUsingDataProvider" name="bookTicket" time="0.008"/>
</testsuite> <!-- Practice.TicketBookingUsingDataProvider -->
